\BOOKMARK [0][-]{chapter.1}{\376\377\000B\000e\000v\000e\000z\000e\000t\000\351\000s}{}% 1
\BOOKMARK [1][-]{section.1.1}{\376\377\000A\000\040\000k\000e\000z\000d\000e\000t\000e\000k}{chapter.1}% 2
\BOOKMARK [2][-]{subsection.1.1.1}{\376\377\000T\000\351\000m\000a\000\040\000v\000\341\000l\000a\000s\000z\000t\000\341\000s}{section.1.1}% 3
\BOOKMARK [0][-]{chapter.2}{\376\377\000A\000u\000d\000i\000o\000\040\000o\000v\000e\000r\000\040\000I\000P\000\040\000r\000e\000n\000d\000s\000z\000e\000r\000e\000k\000\040\000b\000e\000m\000u\000t\000a\000t\000\341\000s\000a}{}% 4
\BOOKMARK [1][-]{section.2.1}{\376\377\000A\000E\000S\0006\0007}{chapter.2}% 5
\BOOKMARK [1][-]{section.2.2}{\376\377\000W\000a\000v\000e\000s}{chapter.2}% 6
\BOOKMARK [1][-]{section.2.3}{\376\377\000D\000a\000n\000t\000e}{chapter.2}% 7
\BOOKMARK [0][-]{chapter.3}{\376\377\000R\000e\000n\000d\000s\000z\000e\000r\000t\000e\000r\000v\000e\000z\000\351\000s}{}% 8
\BOOKMARK [1][-]{section.3.1}{\376\377\000K\000\366\000v\000e\000t\000e\000l\000m\000\351\000n\000y\000e\000k}{chapter.3}% 9
\BOOKMARK [1][-]{section.3.2}{\376\377\000R\000e\000n\000d\000s\000z\000e\000r\000t\000e\000r\000v}{chapter.3}% 10
\BOOKMARK [0][-]{chapter.4}{\376\377\000R\000e\000n\000d\000s\000z\000e\000r\000\040\000t\000e\000l\000e\000p\000\355\000t\000\351\000s\000e\000\040\000e\000l\001\121\000\040\000k\000\366\000r\000n\000y\000e\000z\000e\000t\000b\000e\000n}{}% 11
\BOOKMARK [1][-]{section.4.1}{\376\377\000M\000a\000r\000t\000i\000n\000\040\000A\000u\000d\000i\000o\000\040\000W\000a\000v\000e\000f\000r\000o\000n\000t\000\040\000P\000r\000e\000c\000i\000s\000i\000o\000n\000\040\000h\000a\000n\000g\000r\000e\000n\000d\000s\000z\000e\000r\000\040\000t\000e\000l\000e\000p\000\355\000t\000\351\000s\000e}{chapter.4}% 12
\BOOKMARK [1][-]{section.4.2}{\376\377\000A\000l\000l\000e\000n\000\040\000\046\000\040\000H\000e\000a\000t\000h\000\040\000d\000i\000g\000i\000t\000\341\000l\000i\000s\000\040\000k\000e\000v\000e\000r\001\121\000r\000e\000n\000d\000s\000z\000e\000r\000\040\000t\000e\000l\000e\000p\000\355\000t\000\351\000s\000e}{chapter.4}% 13
\BOOKMARK [1][-]{section.4.3}{\376\377\000D\000a\000n\000t\000e\000\040\000a\000u\000d\000i\000o\000\040\000s\000z\000e\000r\000v\000e\000r\000\040\000t\000e\000l\000e\000p\000\355\000t\000\351\000s\000e}{chapter.4}% 14
\BOOKMARK [1][-]{section.4.4}{\376\377\000D\000a\000n\000t\000e\000\040\000r\000e\000n\000d\000s\000z\000e\000r\000\040\000k\000o\000n\000f\000i\000g\000u\000r\000\341\000l\000\341\000s\000a}{chapter.4}% 15
\BOOKMARK [0][-]{chapter.5}{\376\377\000\334\000z\000e\000m\000e\000l\000t\000e\000t\000\351\000s\000i\000\040\000t\000a\000p\000a\000s\000z\000t\000a\000l\000a\000t\000o\000k\000\040\000\351\000s\000\040\000t\000o\000v\000\341\000b\000b\000f\000e\000j\000l\000e\000s\000z\000t\000\351\000s\000i\000\040\000l\000e\000h\000e\000t\001\121\000s\000\351\000g\000e\000k}{}% 16
\BOOKMARK [1][-]{section.5.1}{\376\377\000T\000o\000v\000\341\000b\000b\000i\000\040\000e\000s\000z\000k\000\366\000z\000\366\000k\000\040\000i\000n\000t\000e\000g\000r\000\341\000l\000\341\000s\000a}{chapter.5}% 17
\BOOKMARK [1][-]{section.5.2}{\376\377\000B\001\121\000v\000\355\000t\000\351\000s\000\040\000n\000a\000g\000y\000o\000b\000b\000\040\000i\000n\000t\000e\000r\000f\000\351\000s\000z\000r\000e}{chapter.5}% 18
\BOOKMARK [0][-]{chapter*.4}{\376\377\000K\000\366\000s\000z\000\366\000n\000e\000t\000n\000y\000i\000l\000v\000\341\000n\000\355\000t\000\341\000s}{}% 19
\BOOKMARK [0][-]{chapter*.4}{\376\377\000\301\000b\000r\000\341\000k\000\040\000j\000e\000g\000y\000z\000\351\000k\000e}{}% 20
\BOOKMARK [0][-]{chapter*.4}{\376\377\000I\000r\000o\000d\000a\000l\000o\000m\000j\000e\000g\000y\000z\000\351\000k}{}% 21
\BOOKMARK [0][-]{appendix*.6}{\376\377\000F\000\374\000g\000g\000e\000l\000\351\000k}{}% 22
